platforms/android/app/build/outputs/logs/manifest-merger-debug-report.txt
-- Merging decision tree log ---
manifest
ADDED from src/main/AndroidManifest.xml:2:1-27:12
INJECTED from src/main/AndroidManifest.xml:2:1-27:12
INJECTED from src/main/AndroidManifest.xml:2:1-27:12
INJECTED from src/main/AndroidManifest.xml:2:1-27:12
MERGED from [:CordovaLib] AndroidManifest.xml:20:1-27:12
INJECTED from src/main/AndroidManifest.xml:2:1-27:12
INJECTED from src/main/AndroidManifest.xml:2:1-27:12
INJECTED from src/main/AndroidManifest.xml:2:1-27:12
	package
		ADDED from src/main/AndroidManifest.xml:2:102-128
		INJECTED from src/main/AndroidManifest.xml
		INJECTED from src/main/AndroidManifest.xml
	android:versionName
		ADDED from src/main/AndroidManifest.xml:2:74-101
		INJECTED from src/main/AndroidManifest.xml
		INJECTED from src/main/AndroidManifest.xml
	android:hardwareAccelerated
		ADDED from src/main/AndroidManifest.xml:2:11-45
	xmlns:android
		ADDED from src/main/AndroidManifest.xml:2:129-187
	android:versionCode
		ADDED from src/main/AndroidManifest.xml:2:46-73
		INJECTED from src/main/AndroidManifest.xml
		INJECTED from src/main/AndroidManifest.xml
supports-screens
ADDED from src/main/AndroidManifest.xml:3:5-191
	android:largeScreens
		ADDED from src/main/AndroidManifest.xml:3:49-76
	android:smallScreens
		ADDED from src/main/AndroidManifest.xml:3:132-159
	android:normalScreens
		ADDED from src/main/AndroidManifest.xml:3:77-105
	android:xlargeScreens
		ADDED from src/main/AndroidManifest.xml:3:160-188
	android:resizeable
		ADDED from src/main/AndroidManifest.xml:3:106-131
	android:anyDensity
		ADDED from src/main/AndroidManifest.xml:3:23-48
uses-permission#android.permission.INTERNET
ADDED from src/main/AndroidManifest.xml:4:5-67
	android:name
		ADDED from src/main/AndroidManifest.xml:4:22-64
application
ADDED from src/main/AndroidManifest.xml:5:5-17:19
	android:supportsRtl
		ADDED from src/main/AndroidManifest.xml:5:114-140
	android:label
		ADDED from src/main/AndroidManifest.xml:5:81-113
	android:hardwareAccelerated
		ADDED from src/main/AndroidManifest.xml:5:18-52
	android:icon
		ADDED from src/main/AndroidManifest.xml:5:53-80
activity#com.example.nope.MainActivity
ADDED from src/main/AndroidManifest.xml:6:9-11:20
	android:label
		ADDED from src/main/AndroidManifest.xml:6:97-134
	android:launchMode
		ADDED from src/main/AndroidManifest.xml:6:135-165
	android:windowSoftInputMode
		ADDED from src/main/AndroidManifest.xml:6:257-299
	android:configChanges
		ADDED from src/main/AndroidManifest.xml:6:19-96
	android:theme
		ADDED from src/main/AndroidManifest.xml:6:194-256
	android:name
		ADDED from src/main/AndroidManifest.xml:6:166-193
intent-filter#android.intent.action.MAIN+android.intent.category.LAUNCHER
ADDED from src/main/AndroidManifest.xml:7:13-10:29
	android:label
		ADDED from src/main/AndroidManifest.xml:7:28-65
action#android.intent.action.MAIN
ADDED from src/main/AndroidManifest.xml:8:17-69
	android:name
		ADDED from src/main/AndroidManifest.xml:8:25-66
category#android.intent.category.LAUNCHER
ADDED from src/main/AndroidManifest.xml:9:17-77
	android:name
		ADDED from src/main/AndroidManifest.xml:9:27-74
receiver#name.ratson.cordova.sms_receiver.SmsReceiver
ADDED from src/main/AndroidManifest.xml:12:9-16:20
	android:exported
		ADDED from src/main/AndroidManifest.xml:12:19-42
	android:name
		ADDED from src/main/AndroidManifest.xml:12:43-102
intent-filter#android.provider.Telephony.SMS_RECEIVED
ADDED from src/main/AndroidManifest.xml:13:13-15:29
	android:priority
		ADDED from src/main/AndroidManifest.xml:13:28-50
action#android.provider.Telephony.SMS_RECEIVED
ADDED from src/main/AndroidManifest.xml:14:17-82
	android:name
		ADDED from src/main/AndroidManifest.xml:14:25-79
uses-sdk
ADDED from src/main/AndroidManifest.xml:18:5-74
MERGED from [:CordovaLib] AndroidManifest.xml:25:5-44
MERGED from [:CordovaLib] AndroidManifest.xml:25:5-44
	android:targetSdkVersion
		ADDED from src/main/AndroidManifest.xml:18:42-71
	android:minSdkVersion
		ADDED from src/main/AndroidManifest.xml:18:15-41
uses-feature#android.hardware.telephony
ADDED from src/main/AndroidManifest.xml:19:5-88
	android:required
		ADDED from src/main/AndroidManifest.xml:19:61-85
	android:name
		ADDED from src/main/AndroidManifest.xml:19:19-60
uses-permission#android.permission.READ_PHONE_STATE
ADDED from src/main/AndroidManifest.xml:20:5-75
	android:name
		ADDED from src/main/AndroidManifest.xml:20:22-72
uses-permission#android.permission.RECEIVE_SMS
ADDED from src/main/AndroidManifest.xml:21:5-70
	android:name
		ADDED from src/main/AndroidManifest.xml:21:22-67
uses-permission#android.permission.RECEIVE_WAP_PUSH
ADDED from src/main/AndroidManifest.xml:22:5-75
	android:name
		ADDED from src/main/AndroidManifest.xml:22:22-72
uses-permission#android.permission.RECEIVE_MMS
ADDED from src/main/AndroidManifest.xml:23:5-70
	android:name
		ADDED from src/main/AndroidManifest.xml:23:22-67
uses-permission#android.permission.READ_SMS
ADDED from src/main/AndroidManifest.xml:24:5-67
	android:name
		ADDED from src/main/AndroidManifest.xml:24:22-64
uses-permission#android.permission.WRITE_SMS
ADDED from src/main/AndroidManifest.xml:25:5-68
	android:name
		ADDED from src/main/AndroidManifest.xml:25:22-65
uses-permission#android.permission.SEND_SMS
ADDED from src/main/AndroidManifest.xml:26:5-67
	android:name
		ADDED from src/main/AndroidManifest.xml:26:22-64